\BOOKMARK [0][-]{section*.1}{Table of Contents}{}% 1
\BOOKMARK [0][-]{chapter.1}{Introduction}{}% 2
\BOOKMARK [1][-]{section.1.1}{What is a Role-playing Game?}{chapter.1}% 3
\BOOKMARK [1][-]{section.1.2}{What You Need To Play}{chapter.1}% 4
\BOOKMARK [1][-]{section.1.3}{The Core Mechanic}{chapter.1}% 5
\BOOKMARK [1][-]{section.1.4}{Creating a Character}{chapter.1}% 6
\BOOKMARK [0][-]{chapter.2}{Races}{}% 7
\BOOKMARK [1][-]{section.2.1}{Race Basics}{chapter.2}% 8
\BOOKMARK [1][-]{section.2.2}{Drow}{chapter.2}% 9
\BOOKMARK [1][-]{section.2.3}{Dwarf}{chapter.2}% 10
\BOOKMARK [1][-]{section.2.4}{Elf}{chapter.2}% 11
\BOOKMARK [1][-]{section.2.5}{Gnome}{chapter.2}% 12
\BOOKMARK [1][-]{section.2.6}{Goblin}{chapter.2}% 13
\BOOKMARK [1][-]{section.2.7}{Half-Elf}{chapter.2}% 14
\BOOKMARK [1][-]{section.2.8}{Halfling}{chapter.2}% 15
\BOOKMARK [1][-]{section.2.9}{Hobgoblin}{chapter.2}% 16
\BOOKMARK [1][-]{section.2.10}{Human}{chapter.2}% 17
\BOOKMARK [1][-]{section.2.11}{Kobold}{chapter.2}% 18
\BOOKMARK [1][-]{section.2.12}{Orc}{chapter.2}% 19
\BOOKMARK [0][-]{chapter.3}{Classes}{}% 20
\BOOKMARK [1][-]{section.3.1}{Class Basics}{chapter.3}% 21
\BOOKMARK [1][-]{section.3.2}{Assassin}{chapter.3}% 22
\BOOKMARK [1][-]{section.3.3}{Barbarian}{chapter.3}% 23
\BOOKMARK [1][-]{section.3.4}{Bard}{chapter.3}% 24
\BOOKMARK [1][-]{section.3.5}{Cleric}{chapter.3}% 25
\BOOKMARK [1][-]{section.3.6}{Druid}{chapter.3}% 26
\BOOKMARK [1][-]{section.3.7}{Fighter}{chapter.3}% 27
\BOOKMARK [1][-]{section.3.8}{Knight}{chapter.3}% 28
\BOOKMARK [1][-]{section.3.9}{Monk}{chapter.3}% 29
\BOOKMARK [1][-]{section.3.10}{Paladin}{chapter.3}% 30
\BOOKMARK [1][-]{section.3.11}{Ranger}{chapter.3}% 31
\BOOKMARK [1][-]{section.3.12}{Rogue}{chapter.3}% 32
\BOOKMARK [1][-]{section.3.13}{Samurai}{chapter.3}% 33
\BOOKMARK [1][-]{section.3.14}{Sorcerer}{chapter.3}% 34
\BOOKMARK [1][-]{section.3.15}{Templar}{chapter.3}% 35
\BOOKMARK [2][-]{section*.2}{Ex-Templars}{section.3.15}% 36
\BOOKMARK [2][-]{section*.3}{Vows}{section.3.15}% 37
\BOOKMARK [2][-]{section*.5}{Avenger of the Faith Styles}{section.3.15}% 38
\BOOKMARK [1][-]{section.3.16}{Wizard}{chapter.3}% 39
\BOOKMARK [0][-]{chapter.4}{Skills}{}% 40
\BOOKMARK [1][-]{section.4.1}{How Skills Work}{chapter.4}% 41
\BOOKMARK [1][-]{section.4.2}{Appraise}{chapter.4}% 42
\BOOKMARK [1][-]{section.4.3}{Athletics}{chapter.4}% 43
\BOOKMARK [1][-]{section.4.4}{Balance}{chapter.4}% 44
\BOOKMARK [1][-]{section.4.5}{Bluff}{chapter.4}% 45
\BOOKMARK [1][-]{section.4.6}{Concentration}{chapter.4}% 46
\BOOKMARK [1][-]{section.4.7}{Craft}{chapter.4}% 47
\BOOKMARK [1][-]{section.4.8}{Decipher Script}{chapter.4}% 48
\BOOKMARK [1][-]{section.4.9}{Diplomacy}{chapter.4}% 49
\BOOKMARK [1][-]{section.4.10}{Disable Device}{chapter.4}% 50
\BOOKMARK [1][-]{section.4.11}{Disguise}{chapter.4}% 51
\BOOKMARK [1][-]{section.4.12}{Escape Artist}{chapter.4}% 52
\BOOKMARK [1][-]{section.4.13}{Forgery}{chapter.4}% 53
\BOOKMARK [1][-]{section.4.14}{Gather Information}{chapter.4}% 54
\BOOKMARK [1][-]{section.4.15}{Handle Animal}{chapter.4}% 55
\BOOKMARK [1][-]{section.4.16}{Heal}{chapter.4}% 56
\BOOKMARK [1][-]{section.4.17}{Intimidate}{chapter.4}% 57
\BOOKMARK [1][-]{section.4.18}{Knowledge}{chapter.4}% 58
\BOOKMARK [1][-]{section.4.19}{Perception}{chapter.4}% 59
\BOOKMARK [1][-]{section.4.20}{Perform}{chapter.4}% 60
\BOOKMARK [1][-]{section.4.21}{Profession}{chapter.4}% 61
\BOOKMARK [1][-]{section.4.22}{Ride}{chapter.4}% 62
\BOOKMARK [1][-]{section.4.23}{Search}{chapter.4}% 63
\BOOKMARK [1][-]{section.4.24}{Sense Motive}{chapter.4}% 64
\BOOKMARK [1][-]{section.4.25}{Sleight of Hand}{chapter.4}% 65
\BOOKMARK [1][-]{section.4.26}{Speak Language}{chapter.4}% 66
\BOOKMARK [1][-]{section.4.27}{Spellcraft}{chapter.4}% 67
\BOOKMARK [1][-]{section.4.28}{Stealth}{chapter.4}% 68
\BOOKMARK [1][-]{section.4.29}{Survival}{chapter.4}% 69
\BOOKMARK [1][-]{section.4.30}{Tumble}{chapter.4}% 70
\BOOKMARK [1][-]{section.4.31}{Use Magic Device}{chapter.4}% 71
\BOOKMARK [0][-]{chapter.5}{Feats}{}% 72
\BOOKMARK [1][-]{section.5.1}{How Feats Work}{chapter.5}% 73
\BOOKMARK [1][-]{section.5.2}{General Feats}{chapter.5}% 74
\BOOKMARK [1][-]{section.5.3}{Combat Feats}{chapter.5}% 75
\BOOKMARK [1][-]{section.5.4}{Skill Feats}{chapter.5}% 76
\BOOKMARK [1][-]{section.5.5}{Metamagic Feats}{chapter.5}% 77
\BOOKMARK [0][-]{chapter.6}{Goods and Services}{}% 78
\BOOKMARK [1][-]{section.6.1}{The Three Economies}{chapter.6}% 79
\BOOKMARK [1][-]{section.6.2}{Armor}{chapter.6}% 80
\BOOKMARK [1][-]{section.6.3}{Weapons}{chapter.6}% 81
\BOOKMARK [2][-]{section*.7}{Weapon Qualities}{section.6.3}% 82
\BOOKMARK [2][-]{section*.8}{Individual Weapon Rules}{section.6.3}% 83
\BOOKMARK [1][-]{section.6.4}{Gear}{chapter.6}% 84
\BOOKMARK [1][-]{section.6.5}{Animals}{chapter.6}% 85
\BOOKMARK [1][-]{section.6.6}{Services}{chapter.6}% 86
\BOOKMARK [0][-]{chapter.7}{Description}{}% 87
\BOOKMARK [1][-]{section.7.1}{Physical Appearance}{chapter.7}% 88
\BOOKMARK [1][-]{section.7.2}{Personality}{chapter.7}% 89
\BOOKMARK [1][-]{section.7.3}{Alignment}{chapter.7}% 90
\BOOKMARK [1][-]{section.7.4}{Religion}{chapter.7}% 91
\BOOKMARK [0][-]{chapter.8}{Adventuring}{}% 92
\BOOKMARK [1][-]{section.8.1}{Overland Travel}{chapter.8}% 93
\BOOKMARK [1][-]{section.8.2}{Exploration}{chapter.8}% 94
\BOOKMARK [1][-]{section.8.3}{Traps}{chapter.8}% 95
\BOOKMARK [1][-]{section.8.4}{Encounters}{chapter.8}% 96
\BOOKMARK [0][-]{chapter.9}{Combat}{}% 97
\BOOKMARK [1][-]{section.9.1}{How Combat Works}{chapter.9}% 98
\BOOKMARK [1][-]{section.9.2}{Combat Statistics}{chapter.9}% 99
\BOOKMARK [1][-]{section.9.3}{Initiative and Actions}{chapter.9}% 100
\BOOKMARK [1][-]{section.9.4}{Standard Actions}{chapter.9}% 101
\BOOKMARK [1][-]{section.9.5}{Move Actions}{chapter.9}% 102
\BOOKMARK [1][-]{section.9.6}{Swift and Free Actions}{chapter.9}% 103
\BOOKMARK [1][-]{section.9.7}{Full-Round Actions}{chapter.9}% 104
\BOOKMARK [1][-]{section.9.8}{Movement, Position, and Distance}{chapter.9}% 105
\BOOKMARK [1][-]{section.9.9}{Injury and Death}{chapter.9}% 106
\BOOKMARK [1][-]{section.9.10}{Combat Modifiers}{chapter.9}% 107
\BOOKMARK [1][-]{section.9.11}{Special Attacks}{chapter.9}% 108
\BOOKMARK [1][-]{section.9.12}{Special Abilities}{chapter.9}% 109
\BOOKMARK [1][-]{section.9.13}{Conditions}{chapter.9}% 110
\BOOKMARK [0][-]{chapter.10}{Magic}{}% 111
\BOOKMARK [1][-]{section.10.1}{Casting Spells}{chapter.10}% 112
\BOOKMARK [1][-]{section.10.2}{How To Read A Spell Description}{chapter.10}% 113
\BOOKMARK [1][-]{section.10.3}{Arcane Spells}{chapter.10}% 114
\BOOKMARK [1][-]{section.10.4}{Divine Spells}{chapter.10}% 115
\BOOKMARK [1][-]{section.10.5}{Special Abilities and Spells}{chapter.10}% 116
\BOOKMARK [1][-]{section.10.6}{Spell Lists}{chapter.10}% 117
\BOOKMARK [0][-]{chapter.11}{Magic Items}{}% 118
\BOOKMARK [1][-]{section.11.1}{Magic Item Basics}{chapter.11}% 119
\BOOKMARK [1][-]{section.11.2}{Minor Magical Items}{chapter.11}% 120
\BOOKMARK [1][-]{section.11.3}{Moderate Magical Items}{chapter.11}% 121
\BOOKMARK [1][-]{section.11.4}{Major Magical Items}{chapter.11}% 122
\BOOKMARK [0][-]{chapter.12}{Running The Game}{}% 123
\BOOKMARK [1][-]{section.12.1}{Writing GM Advice Is Hard}{chapter.12}% 124
\BOOKMARK [0][-]{section*.9}{Appendices}{}% 125
\BOOKMARK [0][-]{appendix.A}{Spells}{}% 126
\BOOKMARK [1][-]{section.A.1}{Spells, A through Z}{appendix.A}% 127
\BOOKMARK [0][-]{appendix.B}{Prestige Classes}{}% 128
\BOOKMARK [1][-]{section.B.1}{Prestige Class Basics}{appendix.B}% 129
\BOOKMARK [1][-]{section.B.2}{?WhatClasses?}{appendix.B}% 130
\BOOKMARK [0][-]{appendix.C}{Monsters}{}% 131
\BOOKMARK [1][-]{section.C.1}{Reading a Monster Entry}{appendix.C}% 132
\BOOKMARK [1][-]{section.C.2}{Monsters, A though Z}{appendix.C}% 133
\BOOKMARK [0][-]{appendix.D}{NPC Classes}{}% 134
\BOOKMARK [1][-]{section.D.1}{Adept}{appendix.D}% 135
\BOOKMARK [1][-]{section.D.2}{Aristocrat}{appendix.D}% 136
\BOOKMARK [1][-]{section.D.3}{Commoner}{appendix.D}% 137
\BOOKMARK [1][-]{section.D.4}{Expert}{appendix.D}% 138
\BOOKMARK [1][-]{section.D.5}{Warrior}{appendix.D}% 139
\BOOKMARK [0][-]{appendix.E}{The Open Game License}{}% 140
\BOOKMARK [0][-]{section*.12}{List of Tables}{}% 141
