\BOOKMARK [0][-]{chapter.1}{Basics}{}% 1
\BOOKMARK [1][-]{section.1.1}{The Basics}{chapter.1}% 2
\BOOKMARK [2][-]{subsection.1.1.1}{The Core Mechanic}{section.1.1}% 3
\BOOKMARK [2][-]{subsection.1.1.2}{Dice}{section.1.1}% 4
\BOOKMARK [2][-]{subsection.1.1.3}{Rounding Fractions}{section.1.1}% 5
\BOOKMARK [2][-]{subsection.1.1.4}{Multiplying}{section.1.1}% 6
\BOOKMARK [1][-]{section.1.2}{Ability Scores}{chapter.1}% 7
\BOOKMARK [2][-]{subsection.1.2.1}{Ability Modifiers}{section.1.2}% 8
\BOOKMARK [2][-]{subsection.1.2.2}{The Abilities}{section.1.2}% 9
\BOOKMARK [0][-]{chapter.2}{Character Creation}{}% 10
\BOOKMARK [1][-]{section.2.1}{Generating Your Stats}{chapter.2}% 11
\BOOKMARK [2][-]{subsection.2.1.1}{Rolling}{section.2.1}% 12
\BOOKMARK [2][-]{subsection.2.1.2}{Point Buy}{section.2.1}% 13
\BOOKMARK [1][-]{section.2.2}{Choose a Race}{chapter.2}% 14
\BOOKMARK [1][-]{section.2.3}{Choose an Alignment}{chapter.2}% 15
\BOOKMARK [1][-]{section.2.4}{Choose a Class}{chapter.2}% 16
\BOOKMARK [1][-]{section.2.5}{Skills}{chapter.2}% 17
\BOOKMARK [1][-]{section.2.6}{Feats}{chapter.2}% 18
\BOOKMARK [1][-]{section.2.7}{Equipment}{chapter.2}% 19
\BOOKMARK [0][-]{chapter.3}{Races}{}% 20
\BOOKMARK [1][-]{section.3.1}{Unusual Races}{chapter.3}% 21
\BOOKMARK [2][-]{subsection.3.1.1}{Aasimar}{section.3.1}% 22
\BOOKMARK [2][-]{subsection.3.1.2}{Drow}{section.3.1}% 23
\BOOKMARK [2][-]{subsection.3.1.3}{Feytouched}{section.3.1}% 24
\BOOKMARK [2][-]{subsection.3.1.4}{Goblin}{section.3.1}% 25
\BOOKMARK [2][-]{subsection.3.1.5}{Hobgoblin}{section.3.1}% 26
\BOOKMARK [2][-]{subsection.3.1.6}{Orc}{section.3.1}% 27
\BOOKMARK [2][-]{subsection.3.1.7}{Half-Orc}{section.3.1}% 28
\BOOKMARK [2][-]{subsection.3.1.8}{Tiefling}{section.3.1}% 29
\BOOKMARK [1][-]{section.3.2}{Powerful Races}{chapter.3}% 30
\BOOKMARK [1][-]{section.3.3}{Converting Monsters Into Characters}{chapter.3}% 31
\BOOKMARK [2][-]{subsection.3.3.1}{Method 1: The Easy Way}{section.3.3}% 32
\BOOKMARK [2][-]{subsection.3.3.2}{Method 2}{section.3.3}% 33
\BOOKMARK [2][-]{subsection.3.3.3}{Method 3}{section.3.3}% 34
\BOOKMARK [2][-]{subsection.3.3.4}{Sample conversions}{section.3.3}% 35
\BOOKMARK [0][-]{chapter.4}{Alignment}{}% 36
\BOOKMARK [1][-]{section.4.1}{Alignment}{chapter.4}% 37
\BOOKMARK [2][-]{subsection.4.1.1}{Good and Evil: How Black is the Night?}{section.4.1}% 38
\BOOKMARK [2][-]{subsection.4.1.2}{Law and Chaos: Your Rules or Mine?}{section.4.1}% 39
\BOOKMARK [2][-]{subsection.4.1.3}{To Triumph Over Evil}{section.4.1}% 40
\BOOKMARK [2][-]{subsection.4.1.4}{I Fought the Law}{section.4.1}% 41
\BOOKMARK [2][-]{subsection.4.1.5}{Beating Back Chaos}{section.4.1}% 42
\BOOKMARK [1][-]{section.4.2}{The Morality of Necromancy: Black and Gray}{chapter.4}% 43
\BOOKMARK [2][-]{subsection.4.2.1}{Moral Option 1: The Crawling Darkness}{section.4.2}% 44
\BOOKMARK [2][-]{subsection.4.2.2}{Moral Option 2: Playing with Fire}{section.4.2}% 45
\BOOKMARK [2][-]{subsection.4.2.3}{Creatures}{section.4.2}% 46
\BOOKMARK [2][-]{subsection.4.2.4}{Spells}{section.4.2}% 47
\BOOKMARK [0][-]{chapter.5}{Character Base Classes}{}% 48
\BOOKMARK [1][-]{section.5.1}{Core PC Classes}{chapter.5}% 49
\BOOKMARK [2][-]{subsection.5.1.1}{Assassin}{section.5.1}% 50
\BOOKMARK [2][-]{subsection.5.1.2}{Barbarian}{section.5.1}% 51
\BOOKMARK [2][-]{subsection.5.1.3}{Cleric}{section.5.1}% 52
\BOOKMARK [2][-]{subsection.5.1.4}{Druid}{section.5.1}% 53
\BOOKMARK [2][-]{subsection.5.1.5}{Fighter}{section.5.1}% 54
\BOOKMARK [2][-]{subsection.5.1.6}{Paladin}{section.5.1}% 55
\BOOKMARK [2][-]{subsection.5.1.7}{Knight}{section.5.1}% 56
\BOOKMARK [2][-]{subsection.5.1.8}{Monk}{section.5.1}% 57
\BOOKMARK [2][-]{subsection.5.1.9}{Rogue}{section.5.1}% 58
\BOOKMARK [2][-]{subsection.5.1.10}{Samurai}{section.5.1}% 59
\BOOKMARK [2][-]{subsection.5.1.11}{Wizard}{section.5.1}% 60
\BOOKMARK [1][-]{section.5.2}{Additional PC Classes}{chapter.5}% 61
\BOOKMARK [2][-]{subsection.5.2.1}{Curator}{section.5.2}% 62
\BOOKMARK [2][-]{subsection.5.2.2}{Elementalist}{section.5.2}% 63
\BOOKMARK [2][-]{subsection.5.2.3}{Fire Mage}{section.5.2}% 64
\BOOKMARK [2][-]{subsection.5.2.4}{Jester}{section.5.2}% 65
\BOOKMARK [2][-]{subsection.5.2.5}{Marshall}{section.5.2}% 66
\BOOKMARK [2][-]{subsection.5.2.6}{Monster Tamer}{section.5.2}% 67
\BOOKMARK [2][-]{subsection.5.2.7}{Ninja}{section.5.2}% 68
\BOOKMARK [2][-]{subsection.5.2.8}{Puppeteer}{section.5.2}% 69
\BOOKMARK [2][-]{subsection.5.2.9}{Shadow Warrior}{section.5.2}% 70
\BOOKMARK [2][-]{subsection.5.2.10}{Sohei}{section.5.2}% 71
\BOOKMARK [2][-]{subsection.5.2.11}{Soldier}{section.5.2}% 72
\BOOKMARK [2][-]{subsection.5.2.12}{Soulborn}{section.5.2}% 73
\BOOKMARK [2][-]{subsection.5.2.13}{Storm Lord}{section.5.2}% 74
\BOOKMARK [2][-]{subsection.5.2.14}{Spirit Shaman}{section.5.2}% 75
\BOOKMARK [2][-]{subsection.5.2.15}{Summoner}{section.5.2}% 76
\BOOKMARK [2][-]{subsection.5.2.16}{Swashbuckler}{section.5.2}% 77
\BOOKMARK [2][-]{subsection.5.2.17}{Thief Acrobat}{section.5.2}% 78
\BOOKMARK [2][-]{subsection.5.2.18}{Totemist}{section.5.2}% 79
\BOOKMARK [2][-]{subsection.5.2.19}{Thaumaturge}{section.5.2}% 80
\BOOKMARK [2][-]{subsection.5.2.20}{Warlock}{section.5.2}% 81
\BOOKMARK [2][-]{subsection.5.2.21}{Warmage}{section.5.2}% 82
\BOOKMARK [1][-]{section.5.3}{Monster Base Classes}{chapter.5}% 83
\BOOKMARK [2][-]{subsection.5.3.1}{Fiendish Brute [Fiend]}{section.5.3}% 84
\BOOKMARK [2][-]{subsection.5.3.2}{Conduit of the Lower Planes [Fiend]}{section.5.3}% 85
\BOOKMARK [2][-]{subsection.5.3.3}{True Fiend [Fiend]}{section.5.3}% 86
\BOOKMARK [2][-]{subsection.5.3.4}{Genie}{section.5.3}% 87
\BOOKMARK [1][-]{section.5.4}{NPC Classes}{chapter.5}% 88
\BOOKMARK [2][-]{subsection.5.4.1}{Adept [NPC]}{section.5.4}% 89
\BOOKMARK [2][-]{subsection.5.4.2}{Warrior [NPC]}{section.5.4}% 90
\BOOKMARK [1][-]{section.5.5}{Multiclassing Characters}{chapter.5}% 91
\BOOKMARK [2][-]{subsection.5.5.1}{XP Penalties}{section.5.5}% 92
\BOOKMARK [2][-]{subsection.5.5.2}{Favored Classes}{section.5.5}% 93
\BOOKMARK [2][-]{subsection.5.5.3}{Saving Throws}{section.5.5}% 94
\BOOKMARK [2][-]{subsection.5.5.4}{Skill Points}{section.5.5}% 95
\BOOKMARK [0][-]{chapter.6}{Feats}{}% 96
\BOOKMARK [1][-]{section.6.1}{Character Backgrounds}{chapter.6}% 97
\BOOKMARK [1][-]{section.6.2}{The Failure of Feats}{chapter.6}% 98
\BOOKMARK [2][-]{subsection.6.2.1}{Exploits}{section.6.2}% 99
\BOOKMARK [2][-]{subsection.6.2.2}{The New Feat System}{section.6.2}% 100
\BOOKMARK [1][-]{section.6.3}{[Combat] Feats}{chapter.6}% 101
\BOOKMARK [1][-]{section.6.4}{[Skill] Feats}{chapter.6}% 102
\BOOKMARK [1][-]{section.6.5}{[Celestial] and [Fiend] Feats}{chapter.6}% 103
\BOOKMARK [1][-]{section.6.6}{[Elemental] Feats}{chapter.6}% 104
\BOOKMARK [1][-]{section.6.7}{[Necromantic] Feats}{chapter.6}% 105
\BOOKMARK [1][-]{section.6.8}{[Undead] Feats}{chapter.6}% 106
\BOOKMARK [0][-]{chapter.7}{Prestige Classes}{}% 107
\BOOKMARK [1][-]{section.7.1}{Spellcasting}{chapter.7}% 108
\BOOKMARK [2][-]{subsection.7.1.1}{Arcane Archer}{section.7.1}% 109
\BOOKMARK [2][-]{subsection.7.1.2}{Arcane Strategist}{section.7.1}% 110
\BOOKMARK [2][-]{subsection.7.1.3}{Barrister of the Nine}{section.7.1}% 111
\BOOKMARK [2][-]{subsection.7.1.4}{Bladesinger}{section.7.1}% 112
\BOOKMARK [2][-]{subsection.7.1.5}{Boneblade Reaper}{section.7.1}% 113
\BOOKMARK [2][-]{subsection.7.1.6}{Celestial Beacon}{section.7.1}% 114
\BOOKMARK [2][-]{subsection.7.1.7}{Corpselight Whisperer}{section.7.1}% 115
\BOOKMARK [2][-]{subsection.7.1.8}{Death King}{section.7.1}% 116
\BOOKMARK [2][-]{subsection.7.1.9}{Defiler of Temples}{section.7.1}% 117
\BOOKMARK [2][-]{subsection.7.1.10}{Eldritch Knight}{section.7.1}% 118
\BOOKMARK [2][-]{subsection.7.1.11}{Heartless Mage}{section.7.1}% 119
\BOOKMARK [2][-]{subsection.7.1.12}{Hellwalker}{section.7.1}% 120
\BOOKMARK [2][-]{subsection.7.1.13}{Initiate of the Black Tower}{section.7.1}% 121
\BOOKMARK [2][-]{subsection.7.1.14}{Lord of the Damned}{section.7.1}% 122
\BOOKMARK [2][-]{subsection.7.1.15}{Lurker in the Swarm}{section.7.1}% 123
\BOOKMARK [2][-]{subsection.7.1.16}{Master of the Seven Necromantic Mysteries}{section.7.1}% 124
\BOOKMARK [2][-]{subsection.7.1.17}{Master of Snake Mountain}{section.7.1}% 125
\BOOKMARK [2][-]{subsection.7.1.18}{Ninja of Gax}{section.7.1}% 126
\BOOKMARK [2][-]{subsection.7.1.19}{Ogre Mage}{section.7.1}% 127
\BOOKMARK [2][-]{subsection.7.1.20}{Pumpkin King}{section.7.1}% 128
\BOOKMARK [2][-]{subsection.7.1.21}{Seeker of the Lost Wizard Traditions}{section.7.1}% 129
\BOOKMARK [2][-]{subsection.7.1.22}{Seer of the Tempest}{section.7.1}% 130
\BOOKMARK [2][-]{subsection.7.1.23}{Skindancer}{section.7.1}% 131
\BOOKMARK [2][-]{subsection.7.1.24}{Speaker for the Dead}{section.7.1}% 132
\BOOKMARK [2][-]{subsection.7.1.25}{Stranger with the Burning Eyes}{section.7.1}% 133
\BOOKMARK [2][-]{subsection.7.1.26}{Soul Merchant}{section.7.1}% 134
\BOOKMARK [2][-]{subsection.7.1.27}{Thief of Souls}{section.7.1}% 135
\BOOKMARK [2][-]{subsection.7.1.28}{Uttercold Assault Necromancer}{section.7.1}% 136
\BOOKMARK [2][-]{subsection.7.1.29}{Widow Queen}{section.7.1}% 137
\BOOKMARK [1][-]{section.7.2}{Martial}{chapter.7}% 138
\BOOKMARK [2][-]{subsection.7.2.1}{Big Nob}{section.7.2}% 139
\BOOKMARK [2][-]{subsection.7.2.2}{Boatman of Styx}{section.7.2}% 140
\BOOKMARK [2][-]{subsection.7.2.3}{Bone Rider}{section.7.2}% 141
\BOOKMARK [2][-]{subsection.7.2.4}{Crusader of the Elemental Forces}{section.7.2}% 142
\BOOKMARK [2][-]{subsection.7.2.5}{Death Knight}{section.7.2}% 143
\BOOKMARK [2][-]{subsection.7.2.6}{Defender of the Woods}{section.7.2}% 144
\BOOKMARK [2][-]{subsection.7.2.7}{Demon Samurai}{section.7.2}% 145
\BOOKMARK [2][-]{subsection.7.2.8}{Disciple of the Spirit Wave}{section.7.2}% 146
\BOOKMARK [2][-]{subsection.7.2.9}{Dragon Disciple}{section.7.2}% 147
\BOOKMARK [2][-]{subsection.7.2.10}{Dragon Lancer}{section.7.2}% 148
\BOOKMARK [2][-]{subsection.7.2.11}{Drunken Master}{section.7.2}% 149
\BOOKMARK [2][-]{subsection.7.2.12}{Dungeon Veteran}{section.7.2}% 150
\BOOKMARK [2][-]{subsection.7.2.13}{Elothar Warrior of Bladereach}{section.7.2}% 151
\BOOKMARK [2][-]{subsection.7.2.14}{Enlightened Disciple of Wel Hung Temple, Long Wang Province}{section.7.2}% 152
\BOOKMARK [2][-]{subsection.7.2.15}{Gentle Monk}{section.7.2}% 153
\BOOKMARK [2][-]{subsection.7.2.16}{Holy Crusader}{section.7.2}% 154
\BOOKMARK [2][-]{subsection.7.2.17}{Legendary Strategist}{section.7.2}% 155
\BOOKMARK [2][-]{subsection.7.2.18}{Lunar Knight}{section.7.2}% 156
\BOOKMARK [2][-]{subsection.7.2.19}{Maelstrom of Fiery Ki}{section.7.2}% 157
\BOOKMARK [2][-]{subsection.7.2.20}{Meteor Ninja}{section.7.2}% 158
\BOOKMARK [2][-]{subsection.7.2.21}{Tiger Monk}{section.7.2}% 159
\BOOKMARK [1][-]{section.7.3}{Racial}{chapter.7}% 160
\BOOKMARK [2][-]{subsection.7.3.1}{Half Dragon}{section.7.3}% 161
\BOOKMARK [2][-]{subsection.7.3.2}{Progenitor of the Gith}{section.7.3}% 162
\BOOKMARK [2][-]{subsection.7.3.3}{The Monitor}{section.7.3}% 163
\BOOKMARK [1][-]{section.7.4}{Paragon}{chapter.7}% 164
\BOOKMARK [2][-]{subsection.7.4.1}{Ghoul Paragon}{section.7.4}% 165
\BOOKMARK [2][-]{subsection.7.4.2}{Swordwraith Paragon}{section.7.4}% 166
\BOOKMARK [2][-]{subsection.7.4.3}{Vampire Paragon Class}{section.7.4}% 167
\BOOKMARK [0][-]{chapter.8}{Money and Equipment}{}% 168
\BOOKMARK [1][-]{section.8.1}{Weapons}{chapter.8}% 169
\BOOKMARK [2][-]{subsection.8.1.1}{Bows}{section.8.1}% 170
\BOOKMARK [2][-]{subsection.8.1.2}{Ammunition}{section.8.1}% 171
\BOOKMARK [2][-]{subsection.8.1.3}{Necromatic Weapons}{section.8.1}% 172
\BOOKMARK [1][-]{section.8.2}{Armor}{chapter.8}% 173
\BOOKMARK [2][-]{subsection.8.2.1}{Fantastic Armors}{section.8.2}% 174
\BOOKMARK [2][-]{subsection.8.2.2}{Armor Non-Proficiency}{section.8.2}% 175
\BOOKMARK [2][-]{subsection.8.2.3}{Armor Penalties}{section.8.2}% 176
\BOOKMARK [2][-]{subsection.8.2.4}{Not Armors}{section.8.2}% 177
\BOOKMARK [2][-]{subsection.8.2.5}{Light Armors}{section.8.2}% 178
\BOOKMARK [2][-]{subsection.8.2.6}{Medium Armors}{section.8.2}% 179
\BOOKMARK [2][-]{subsection.8.2.7}{Heavy Armors}{section.8.2}% 180
\BOOKMARK [2][-]{subsection.8.2.8}{Shields}{section.8.2}% 181
\BOOKMARK [2][-]{subsection.8.2.9}{Great Shields}{section.8.2}% 182
\BOOKMARK [2][-]{subsection.8.2.10}{Necromantic Armors}{section.8.2}% 183
\BOOKMARK [1][-]{section.8.3}{The Economicon}{chapter.8}% 184
\BOOKMARK [2][-]{subsection.8.3.1}{Wish and the Economy}{section.8.3}% 185
\BOOKMARK [2][-]{subsection.8.3.2}{Wartime Economies Make for Shortages}{section.8.3}% 186
\BOOKMARK [2][-]{subsection.8.3.3}{Coins are Big and Heavy}{section.8.3}% 187
\BOOKMARK [2][-]{subsection.8.3.4}{Bad Money Drives Out Good: The Penalties of Paper}{section.8.3}% 188
\BOOKMARK [2][-]{subsection.8.3.5}{Powerful Creatures Have a Powerful Economy}{section.8.3}% 189
\BOOKMARK [2][-]{subsection.8.3.6}{The Service Economy: The Profession Rules Don't Work}{section.8.3}% 190
\BOOKMARK [2][-]{subsection.8.3.7}{Running a Business}{section.8.3}% 191
\BOOKMARK [2][-]{subsection.8.3.8}{Bringing the World out of the Dark Ages}{section.8.3}% 192
\BOOKMARK [0][-]{chapter.9}{Combat Basics}{}% 193
\BOOKMARK [1][-]{section.9.1}{Forward: A Brief History of Fighting Men}{chapter.9}% 194
\BOOKMARK [1][-]{section.9.2}{War in D\046D}{chapter.9}% 195
\BOOKMARK [2][-]{subsection.9.2.1}{Fighting with Honor}{section.9.2}% 196
\BOOKMARK [1][-]{section.9.3}{How Combat Works}{chapter.9}% 197
\BOOKMARK [1][-]{section.9.4}{Combat Statistics}{chapter.9}% 198
\BOOKMARK [2][-]{subsection.9.4.1}{Attack Rolls}{section.9.4}% 199
\BOOKMARK [2][-]{subsection.9.4.2}{Attack Bonus}{section.9.4}% 200
\BOOKMARK [2][-]{subsection.9.4.3}{Damage}{section.9.4}% 201
\BOOKMARK [2][-]{subsection.9.4.4}{Armor}{section.9.4}% 202
\BOOKMARK [2][-]{subsection.9.4.5}{Hit Points}{section.9.4}% 203
\BOOKMARK [2][-]{subsection.9.4.6}{Speed}{section.9.4}% 204
\BOOKMARK [2][-]{subsection.9.4.7}{Saving Throws}{section.9.4}% 205
\BOOKMARK [2][-]{subsection.9.4.8}{Initiative}{section.9.4}% 206
\BOOKMARK [2][-]{subsection.9.4.9}{Surprise}{section.9.4}% 207
\BOOKMARK [2][-]{subsection.9.4.10}{Attacks of Opportunity}{section.9.4}% 208
\BOOKMARK [1][-]{section.9.5}{Actions in Combat}{chapter.9}% 209
\BOOKMARK [2][-]{subsection.9.5.1}{The Combat Round}{section.9.5}% 210
\BOOKMARK [2][-]{subsection.9.5.2}{Action Types}{section.9.5}% 211
\BOOKMARK [2][-]{subsection.9.5.3}{Standard Actions}{section.9.5}% 212
\BOOKMARK [2][-]{subsection.9.5.4}{Move Actions}{section.9.5}% 213
\BOOKMARK [2][-]{subsection.9.5.5}{Full-Round Actions}{section.9.5}% 214
\BOOKMARK [2][-]{subsection.9.5.6}{Swift Actions}{section.9.5}% 215
\BOOKMARK [2][-]{subsection.9.5.7}{Immediate Actions}{section.9.5}% 216
\BOOKMARK [2][-]{subsection.9.5.8}{Free Actions}{section.9.5}% 217
\BOOKMARK [1][-]{section.9.6}{Miscellaneous Actions}{chapter.9}% 218
\BOOKMARK [1][-]{section.9.7}{Injury and Death}{chapter.9}% 219
\BOOKMARK [1][-]{section.9.8}{Loss of Hitpoints}{chapter.9}% 220
\BOOKMARK [1][-]{section.9.9}{Disabled \(0 Hit Points\)}{chapter.9}% 221
\BOOKMARK [1][-]{section.9.10}{Dying \(\2051 to \2059 Hit Points\)}{chapter.9}% 222
\BOOKMARK [1][-]{section.9.11}{Dead \(\20510 Hit Points or Lower\)}{chapter.9}% 223
\BOOKMARK [1][-]{section.9.12}{Stable Characters and Recovery}{chapter.9}% 224
\BOOKMARK [1][-]{section.9.13}{Healing}{chapter.9}% 225
\BOOKMARK [1][-]{section.9.14}{Temporary Hit Points}{chapter.9}% 226
\BOOKMARK [1][-]{section.9.15}{Nonlethal Damage}{chapter.9}% 227
\BOOKMARK [0][-]{chapter.10}{Advanced Combat}{}% 228
\BOOKMARK [1][-]{section.10.1}{Movement, Position, and Distance}{chapter.10}% 229
\BOOKMARK [2][-]{subsection.10.1.1}{Tactical Movement}{section.10.1}% 230
\BOOKMARK [2][-]{subsection.10.1.2}{Big and Little Creatures in Combat}{section.10.1}% 231
\BOOKMARK [1][-]{section.10.2}{Combat Modifiers}{chapter.10}% 232
\BOOKMARK [2][-]{subsection.10.2.1}{Favorable and Unfavorable Conditions}{section.10.2}% 233
\BOOKMARK [2][-]{subsection.10.2.2}{Cover}{section.10.2}% 234
\BOOKMARK [2][-]{subsection.10.2.3}{Concealment}{section.10.2}% 235
\BOOKMARK [2][-]{subsection.10.2.4}{Flanking}{section.10.2}% 236
\BOOKMARK [2][-]{subsection.10.2.5}{Helpless Defenders}{section.10.2}% 237
\BOOKMARK [2][-]{subsection.10.2.6}{Attack Options}{section.10.2}% 238
\BOOKMARK [1][-]{section.10.3}{Special Combat Actions}{chapter.10}% 239
\BOOKMARK [2][-]{subsection.10.3.1}{Combat Maneuvers}{section.10.3}% 240
\BOOKMARK [2][-]{subsection.10.3.2}{Special Initiative Actions}{section.10.3}% 241
\BOOKMARK [1][-]{section.10.4}{The Mass Combat Mini-game}{chapter.10}% 242
\BOOKMARK [2][-]{subsection.10.4.1}{The Basics}{section.10.4}% 243
\BOOKMARK [2][-]{subsection.10.4.2}{Battles}{section.10.4}% 244
\BOOKMARK [2][-]{subsection.10.4.3}{Player Characters in the Mass combat Mini-Game}{section.10.4}% 245
\BOOKMARK [1][-]{section.10.5}{A World At War}{chapter.10}% 246
\BOOKMARK [2][-]{subsection.10.5.1}{The Stone Ledger: The Dwarves Remember}{section.10.5}% 247
\BOOKMARK [2][-]{subsection.10.5.2}{Gnolls: Too Lazy to Win}{section.10.5}% 248
\BOOKMARK [2][-]{subsection.10.5.3}{Vistas of the Giants: Big and Important Stuff}{section.10.5}% 249
\BOOKMARK [2][-]{subsection.10.5.4}{The Goblin Empire: Silent Loyalty, Silent Dissent}{section.10.5}% 250
\BOOKMARK [2][-]{subsection.10.5.5}{Elves: Servants of the High Wizards}{section.10.5}% 251
\BOOKMARK [2][-]{subsection.10.5.6}{Warrens of the Gnomes: Guerilla Illusionists}{section.10.5}% 252
\BOOKMARK [2][-]{subsection.10.5.7}{Orcs: The Endless War}{section.10.5}% 253
\BOOKMARK [2][-]{subsection.10.5.8}{Borderlands of the Sahuagin: Sore Winners}{section.10.5}% 254
\BOOKMARK [1][-]{section.10.6}{After the War}{chapter.10}% 255
\BOOKMARK [2][-]{subsection.10.6.1}{Triumph of the Halflings: Reconstructing the Shire}{section.10.6}% 256
\BOOKMARK [2][-]{subsection.10.6.2}{Defeat of the Halflings: They Came and Took Our Land}{section.10.6}% 257
\BOOKMARK [2][-]{subsection.10.6.3}{Triumph of the Dwarves: Breaking the Cycles}{section.10.6}% 258
\BOOKMARK [2][-]{subsection.10.6.4}{Defeat of the Dwarves: The Tunnels Forgotten}{section.10.6}% 259
\BOOKMARK [2][-]{subsection.10.6.5}{Triumph of the Goblins: What's Yours is Mine}{section.10.6}% 260
\BOOKMARK [2][-]{subsection.10.6.6}{Defeat of the Goblins: A Land of Banditry}{section.10.6}% 261
\BOOKMARK [2][-]{subsection.10.6.7}{Triumph of the Necromancers: Endless Night}{section.10.6}% 262
\BOOKMARK [2][-]{subsection.10.6.8}{Defeat of the Necromancers: Resource Rush!}{section.10.6}% 263
\BOOKMARK [1][-]{section.10.7}{Logistics and Dragons}{chapter.10}% 264
\BOOKMARK [2][-]{subsection.10.7.1}{The Demographics of D\046D}{section.10.7}% 265
\BOOKMARK [2][-]{subsection.10.7.2}{Leaders of Men}{section.10.7}% 266
\BOOKMARK [2][-]{subsection.10.7.3}{Administering your People}{section.10.7}% 267
\BOOKMARK [2][-]{subsection.10.7.4}{Conquered People}{section.10.7}% 268
\BOOKMARK [2][-]{subsection.10.7.5}{Why We Fight}{section.10.7}% 269
\BOOKMARK [0][-]{chapter.11}{Conditions \046 Special Abilities}{}% 270
\BOOKMARK [1][-]{section.11.1}{Conditions}{chapter.11}% 271
\BOOKMARK [1][-]{section.11.2}{Special Abilities}{chapter.11}% 272
\BOOKMARK [2][-]{subsection.11.2.1}{Ability Score Loss}{section.11.2}% 273
\BOOKMARK [2][-]{subsection.11.2.2}{Antimagic}{section.11.2}% 274
\BOOKMARK [2][-]{subsection.11.2.3}{Blindsight and Blindsense}{section.11.2}% 275
\BOOKMARK [2][-]{subsection.11.2.4}{Breath Weapon}{section.11.2}% 276
\BOOKMARK [2][-]{subsection.11.2.5}{Charm and Compulsion}{section.11.2}% 277
\BOOKMARK [2][-]{subsection.11.2.6}{Cold Immunity}{section.11.2}% 278
\BOOKMARK [2][-]{subsection.11.2.7}{Damage Reduction}{section.11.2}% 279
\BOOKMARK [2][-]{subsection.11.2.8}{Darkvision}{section.11.2}% 280
\BOOKMARK [2][-]{subsection.11.2.9}{Death Attacks}{section.11.2}% 281
\BOOKMARK [2][-]{subsection.11.2.10}{Disease}{section.11.2}% 282
\BOOKMARK [2][-]{subsection.11.2.11}{Energy Drain and Negative Levels}{section.11.2}% 283
\BOOKMARK [2][-]{subsection.11.2.12}{Etherealness}{section.11.2}% 284
\BOOKMARK [2][-]{subsection.11.2.13}{Evasion and Improved Evasion}{section.11.2}% 285
\BOOKMARK [2][-]{subsection.11.2.14}{Fast Healing}{section.11.2}% 286
\BOOKMARK [2][-]{subsection.11.2.15}{Fear}{section.11.2}% 287
\BOOKMARK [2][-]{subsection.11.2.16}{Fire Immunity}{section.11.2}% 288
\BOOKMARK [2][-]{subsection.11.2.17}{Gaseous Form}{section.11.2}% 289
\BOOKMARK [2][-]{subsection.11.2.18}{Gaze Attacks}{section.11.2}% 290
\BOOKMARK [2][-]{subsection.11.2.19}{Incorporeality}{section.11.2}% 291
\BOOKMARK [2][-]{subsection.11.2.20}{Invisibility}{section.11.2}% 292
\BOOKMARK [2][-]{subsection.11.2.21}{Level Loss}{section.11.2}% 293
\BOOKMARK [2][-]{subsection.11.2.22}{Low\205Light Vision}{section.11.2}% 294
\BOOKMARK [2][-]{subsection.11.2.23}{Paralysis}{section.11.2}% 295
\BOOKMARK [2][-]{subsection.11.2.24}{Poison}{section.11.2}% 296
\BOOKMARK [2][-]{subsection.11.2.25}{Polymorph}{section.11.2}% 297
\BOOKMARK [2][-]{subsection.11.2.26}{Psionics}{section.11.2}% 298
\BOOKMARK [2][-]{subsection.11.2.27}{Rays}{section.11.2}% 299
\BOOKMARK [2][-]{subsection.11.2.28}{Regeneration}{section.11.2}% 300
\BOOKMARK [2][-]{subsection.11.2.29}{Resistance to Energy}{section.11.2}% 301
\BOOKMARK [2][-]{subsection.11.2.30}{Scent}{section.11.2}% 302
\BOOKMARK [2][-]{subsection.11.2.31}{Spell Resistance}{section.11.2}% 303
\BOOKMARK [2][-]{subsection.11.2.32}{Tremorsense}{section.11.2}% 304
\BOOKMARK [2][-]{subsection.11.2.33}{Turn Resistance}{section.11.2}% 305
\BOOKMARK [0][-]{chapter.12}{Magic}{}% 306
\BOOKMARK [1][-]{section.12.1}{The Maginomicon}{chapter.12}% 307
\BOOKMARK [2][-]{subsection.12.1.1}{Easter Egg Class Features: Artifact Swords and Powergloves}{section.12.1}% 308
\BOOKMARK [2][-]{subsection.12.1.2}{Your Money is No Good Here}{section.12.1}% 309
\BOOKMARK [2][-]{subsection.12.1.3}{It's Not Stupid, It's Advanced!}{section.12.1}% 310
\BOOKMARK [2][-]{subsection.12.1.4}{Material Components: A Joke Gone Way Out of Hand}{section.12.1}% 311
\BOOKMARK [2][-]{subsection.12.1.5}{Some Spells Don't Work}{section.12.1}% 312
\BOOKMARK [2][-]{subsection.12.1.6}{Some Effects Don't work}{section.12.1}% 313
\BOOKMARK [1][-]{section.12.2}{The Necronomicon: Necromatic Spells}{chapter.12}% 314
\BOOKMARK [1][-]{section.12.3}{Fiendish Taint}{chapter.12}% 315
\BOOKMARK [2][-]{subsection.12.3.1}{Game Effects}{section.12.3}% 316
\BOOKMARK [1][-]{section.12.4}{Fiendish Spheres}{chapter.12}% 317
\BOOKMARK [1][-]{section.12.5}{Other Spheres}{chapter.12}% 318
\BOOKMARK [1][-]{section.12.6}{Optional Rules for Fiends}{chapter.12}% 319
\BOOKMARK [2][-]{subsection.12.6.1}{No Wishing for More Wishes!}{section.12.6}% 320
\BOOKMARK [2][-]{subsection.12.6.2}{Damage Reduction and Special Materials}{section.12.6}% 321
\BOOKMARK [2][-]{subsection.12.6.3}{Putting the Prime Back in Prime Material Plane \(Alternate Prime Material Plane Rules\)}{section.12.6}% 322
\BOOKMARK [2][-]{subsection.12.6.4}{Practical Demonology: Additional Rules for Summoning}{section.12.6}% 323
\BOOKMARK [2][-]{subsection.12.6.5}{Weapon Proficiencies? You've got to be kidding me!}{section.12.6}% 324
\BOOKMARK [0][-]{chapter.13}{Adventuring}{}% 325
\BOOKMARK [1][-]{section.13.1}{The Socialomicon}{chapter.13}% 326
\BOOKMARK [2][-]{subsection.13.1.1}{Living With Yourself After a Raid}{section.13.1}% 327
\BOOKMARK [2][-]{subsection.13.1.2}{Razing Hell: When Genocide is the Answer}{section.13.1}% 328
\BOOKMARK [2][-]{subsection.13.1.3}{The Hands of the Divine}{section.13.1}% 329
\BOOKMARK [2][-]{subsection.13.1.4}{Temporal Authority in D\046D}{section.13.1}% 330
\BOOKMARK [1][-]{section.13.2}{The Thermodynaminomicon}{chapter.13}% 331
\BOOKMARK [2][-]{subsection.13.2.1}{Those whacky Mushrooms}{section.13.2}% 332
\BOOKMARK [2][-]{subsection.13.2.2}{Portals}{section.13.2}% 333
\BOOKMARK [2][-]{subsection.13.2.3}{Magic Deposits}{section.13.2}% 334
\BOOKMARK [2][-]{subsection.13.2.4}{Subduction}{section.13.2}% 335
\BOOKMARK [1][-]{section.13.3}{The Bionomicon}{chapter.13}% 336
\BOOKMARK [2][-]{subsection.13.3.1}{The Chicken and the Egg}{section.13.3}% 337
\BOOKMARK [2][-]{subsection.13.3.2}{Small Isolated Populations are Bad}{section.13.3}% 338
\BOOKMARK [2][-]{subsection.13.3.3}{We Eat What We Like}{section.13.3}% 339
\BOOKMARK [1][-]{section.13.4}{Empirinomicon}{chapter.13}% 340
\BOOKMARK [2][-]{subsection.13.4.1}{The Myconids: Apathy Writ Large}{section.13.4}% 341
\BOOKMARK [2][-]{subsection.13.4.2}{The Aboleth: Inheritance of the Memory Fish}{section.13.4}% 342
\BOOKMARK [2][-]{subsection.13.4.3}{The Illithid: Slaves of the Elder Brain}{section.13.4}% 343
\BOOKMARK [2][-]{subsection.13.4.4}{The Drow: A Higher Technology Setting}{section.13.4}% 344
\BOOKMARK [2][-]{subsection.13.4.5}{The Eye Tyrants: Lingering Hatred}{section.13.4}% 345
\BOOKMARK [2][-]{subsection.13.4.6}{The Kuo-Toans: Opportunities Slip By}{section.13.4}% 346
\BOOKMARK [2][-]{subsection.13.4.7}{The Troglodytes: Persecution Complex}{section.13.4}% 347
\BOOKMARK [1][-]{section.13.5}{The Lexiconinomicon}{chapter.13}% 348
\BOOKMARK [2][-]{subsection.13.5.1}{Language in D\046D}{section.13.5}% 349
\BOOKMARK [2][-]{subsection.13.5.2}{Spellbooks}{section.13.5}% 350
\BOOKMARK [1][-]{section.13.6}{High Adventure in the Lower Planes}{chapter.13}% 351
\BOOKMARK [2][-]{subsection.13.6.1}{High Adventure in\203Acheron!}{section.13.6}% 352
\BOOKMARK [2][-]{subsection.13.6.2}{High Adventure in\203Pandemonium!}{section.13.6}% 353
\BOOKMARK [2][-]{subsection.13.6.3}{High Adventure in\203Carceri!}{section.13.6}% 354
\BOOKMARK [2][-]{subsection.13.6.4}{High Adventure in\203Hell!}{section.13.6}% 355
\BOOKMARK [2][-]{subsection.13.6.5}{High Adventure in\203The Abyss!}{section.13.6}% 356
\BOOKMARK [2][-]{subsection.13.6.6}{High Adventure in\203Gehenna!}{section.13.6}% 357
\BOOKMARK [2][-]{subsection.13.6.7}{High Adventure in\203Hades!}{section.13.6}% 358
\BOOKMARK [1][-]{section.13.7}{High Adventure in the Elemental Planes}{chapter.13}% 359
\BOOKMARK [2][-]{subsection.13.7.1}{High Adventure in\203The Plane of Fire!}{section.13.7}% 360
\BOOKMARK [2][-]{subsection.13.7.2}{High Adventure in\203The Plane of Water!}{section.13.7}% 361
\BOOKMARK [2][-]{subsection.13.7.3}{High Adventure in\203The Negative Energy Plane!}{section.13.7}% 362
\BOOKMARK [1][-]{section.13.8}{To Rule in Hell\203}{chapter.13}% 363
\BOOKMARK [2][-]{subsection.13.8.1}{Ascended to Godhood}{section.13.8}% 364
\BOOKMARK [2][-]{subsection.13.8.2}{President of the Corporation}{section.13.8}% 365
\BOOKMARK [2][-]{subsection.13.8.3}{Powerful Adventurers}{section.13.8}% 366
\BOOKMARK [1][-]{section.13.9}{Rulership of the Lower Planes}{chapter.13}% 367
\BOOKMARK [2][-]{subsection.13.9.1}{Location, Location, Location}{section.13.9}% 368
\BOOKMARK [2][-]{subsection.13.9.2}{Wondrous Architecture of the Lower Planes}{section.13.9}% 369
\BOOKMARK [2][-]{subsection.13.9.3}{Business as Usual}{section.13.9}% 370
\BOOKMARK [1][-]{section.13.10}{The Constructanomicon}{chapter.13}% 371
\BOOKMARK [2][-]{subsection.13.10.1}{Dungeons: By the Gods, Why?}{section.13.10}% 372
\BOOKMARK [2][-]{subsection.13.10.2}{Traps}{section.13.10}% 373
\BOOKMARK [1][-]{section.13.11}{Dungeons of Note}{chapter.13}% 374
\BOOKMARK [2][-]{subsection.13.11.1}{The Hall of Records}{section.13.11}% 375
\BOOKMARK [2][-]{subsection.13.11.2}{The Tomb of Iuchiban}{section.13.11}% 376
\BOOKMARK [2][-]{subsection.13.11.3}{The Garden of the Gretel the Snowshaper}{section.13.11}% 377
\BOOKMARK [2][-]{subsection.13.11.4}{The Closed Shafts}{section.13.11}% 378
\BOOKMARK [0][-]{chapter.14}{Monsters}{}% 379
\BOOKMARK [1][-]{section.14.1}{New Rules for Undead}{chapter.14}% 380
\BOOKMARK [2][-]{subsection.14.1.1}{Subtypes}{section.14.1}% 381
\BOOKMARK [2][-]{subsection.14.1.2}{Undead and Aging}{section.14.1}% 382
\BOOKMARK [2][-]{subsection.14.1.3}{Becoming Undead}{section.14.1}% 383
\BOOKMARK [1][-]{section.14.2}{Locations of Necromantic Importance}{chapter.14}% 384
\BOOKMARK [2][-]{subsection.14.2.1}{Necromantic Intelligence}{section.14.2}% 385
\BOOKMARK [2][-]{subsection.14.2.2}{Tombs}{section.14.2}% 386
\BOOKMARK [2][-]{subsection.14.2.3}{Forsaken Graveyards}{section.14.2}% 387
\BOOKMARK [2][-]{subsection.14.2.4}{Pools of Deep Shadow}{section.14.2}% 388
\BOOKMARK [2][-]{subsection.14.2.5}{Finality}{section.14.2}% 389
\BOOKMARK [1][-]{section.14.3}{Undead Monsters}{chapter.14}% 390
\BOOKMARK [2][-]{subsection.14.3.1}{Artificial Intelligence}{section.14.3}% 391
\BOOKMARK [0][-]{appendix.A}{The Book of Gears}{}% 392
\BOOKMARK [1][-]{section.A.1}{Introduction}{appendix.A}% 393
\BOOKMARK [1][-]{section.A.2}{Character Advancement: Power and Wealth}{appendix.A}% 394
\BOOKMARK [2][-]{subsection.A.2.1}{XP: Beer Me}{section.A.2}% 395
\BOOKMARK [2][-]{subsection.A.2.2}{Reach for the Stars: Character Advancement}{section.A.2}% 396
\BOOKMARK [2][-]{subsection.A.2.3}{Strategies of Advancement.}{section.A.2}% 397
\BOOKMARK [1][-]{section.A.3}{Crafting}{appendix.A}% 398
\BOOKMARK [2][-]{subsection.A.3.1}{Why a Revision to the Crafting Rules?}{section.A.3}% 399
\BOOKMARK [1][-]{section.A.4}{Dangerous Locations: When the Floor has a CR}{appendix.A}% 400
\BOOKMARK [2][-]{subsection.A.4.1}{Location CRs: Quality and Quantity}{section.A.4}% 401
\BOOKMARK [2][-]{subsection.A.4.2}{WWMD? Disabling Traps.}{section.A.4}% 402
\BOOKMARK [2][-]{subsection.A.4.3}{I live here: Setting off Traps}{section.A.4}% 403
\BOOKMARK [2][-]{subsection.A.4.4}{Facing the Architect: The CR of Locations}{section.A.4}% 404
\BOOKMARK [1][-]{section.A.5}{Playing the Game}{appendix.A}% 405
\BOOKMARK [2][-]{subsection.A.5.1}{What's that Noise?! Playing at Low Level}{section.A.5}% 406
\BOOKMARK [2][-]{subsection.A.5.2}{The Rigors of Command: Playing at High Levels}{section.A.5}% 407
\BOOKMARK [1][-]{section.A.6}{Magic}{appendix.A}% 408
\BOOKMARK [2][-]{subsection.A.6.1}{Illusion Magic: I Don't Believe This Crap}{section.A.6}% 409
\BOOKMARK [1][-]{section.A.7}{Magic Items}{appendix.A}% 410
\BOOKMARK [2][-]{subsection.A.7.1}{The Core of Magic Item Design: Don't Do It Like Diablo}{section.A.7}% 411
\BOOKMARK [2][-]{subsection.A.7.2}{Magic Items with Class\(ifications\)}{section.A.7}% 412
\BOOKMARK [2][-]{subsection.A.7.3}{Magic Item Creation}{section.A.7}% 413
\BOOKMARK [2][-]{subsection.A.7.4}{The Appearance of Magic Items}{section.A.7}% 414
\BOOKMARK [2][-]{subsection.A.7.5}{Disposing of Magic Items}{section.A.7}% 415
\BOOKMARK [1][-]{section.A.8}{Treasure and the World}{appendix.A}% 416
\BOOKMARK [2][-]{subsection.A.8.1}{Finding Treasure}{section.A.8}% 417
\BOOKMARK [2][-]{subsection.A.8.2}{The Three \(or so\) Economies}{section.A.8}% 418
\BOOKMARK [1][-]{section.A.9}{Created Monsters: Forged and Bred}{appendix.A}% 419
\BOOKMARK [2][-]{subsection.A.9.1}{Vermin: Remnants of a Fallen Empire}{section.A.9}% 420
\BOOKMARK [2][-]{subsection.A.9.2}{Constructs: Durability at a Price}{section.A.9}% 421
\BOOKMARK [2][-]{subsection.A.9.3}{Specific Constructs Under the New Rules}{section.A.9}% 422
\BOOKMARK [2][-]{subsection.A.9.4}{Denizens of the Planes of Law}{section.A.9}% 423
\BOOKMARK [0][-]{appendix.B}{Community Material}{}% 424
\BOOKMARK [1][-]{section.B.1}{Skills}{appendix.B}% 425
\BOOKMARK [2][-]{subsection.B.1.1}{Problems with the Skill System}{section.B.1}% 426
\BOOKMARK [2][-]{subsection.B.1.2}{Some Skills Don't Work Like They Should}{section.B.1}% 427
\BOOKMARK [1][-]{section.B.2}{Credits}{appendix.B}% 428
